2024-12-17 18:54:14,435 - JobAlertNotifier - INFO - [base:49] - Initialized EmailNotifier with text formatting
2024-12-17 18:54:14,436 - JobAlertNotifier - INFO - [base:49] - Initialized TelegramNotifier with text formatting
2024-12-17 18:54:14,436 - JobAlertNotifier - INFO - [base:49] - Initialized TelegramNotifier with text formatting
2024-12-17 18:54:14,437 - JobAlertNotifier - INFO - [telegram_notifier:73] - Initializing Telegram notifier...
2024-12-17 18:54:14,437 - JobAlertNotifier - INFO - [telegram_notifier:73] - Initializing Telegram notifier...
2024-12-17 18:54:14,991 - JobAlertNotifier - INFO - [telegram_notifier:115] - Validating Telegram bot connection...
2024-12-17 18:54:14,991 - JobAlertNotifier - INFO - [telegram_notifier:115] - Validating Telegram bot connection...
2024-12-17 18:54:15,167 - JobAlertNotifier - INFO - [telegram_notifier:119] - Connected as bot: JobSprintBot
2024-12-17 18:54:15,167 - JobAlertNotifier - INFO - [telegram_notifier:119] - Connected as bot: JobSprintBot
2024-12-17 18:54:15,408 - JobAlertNotifier - INFO - [telegram_notifier:139] - Telegram bot validation successful
2024-12-17 18:54:15,408 - JobAlertNotifier - INFO - [telegram_notifier:139] - Telegram bot validation successful
2024-12-17 18:54:15,410 - JobAlertNotifier - INFO - [weworkremotely:210] - Scraping WWR category programming for keyword: Intern
2024-12-17 18:54:15,410 - JobAlertNotifier - INFO - [weworkremotely:210] - Scraping WWR category programming for keyword: Intern
2024-12-17 18:54:37,675 - JobAlertNotifier - ERROR - [weworkremotely:281] - Error processing job item: 'NoneType' object has no attribute 'text'
2024-12-17 18:54:37,675 - JobAlertNotifier - ERROR - [weworkremotely:281] - Error processing job item: 'NoneType' object has no attribute 'text'
2024-12-17 18:54:37,675 - JobAlertNotifier - INFO - [weworkremotely:210] - Scraping WWR category programming for keyword: Internship
2024-12-17 18:54:37,675 - JobAlertNotifier - INFO - [weworkremotely:210] - Scraping WWR category programming for keyword: Internship
2024-12-17 18:54:38,396 - JobAlertNotifier - INFO - [weworkremotely:210] - Scraping WWR category programming for keyword: Student
2024-12-17 18:54:38,396 - JobAlertNotifier - INFO - [weworkremotely:210] - Scraping WWR category programming for keyword: Student
2024-12-17 18:54:38,933 - JobAlertNotifier - INFO - [weworkremotely:210] - Scraping WWR category programming for keyword: Trainee
2024-12-17 18:54:38,933 - JobAlertNotifier - INFO - [weworkremotely:210] - Scraping WWR category programming for keyword: Trainee
2024-12-17 18:54:39,601 - JobAlertNotifier - INFO - [weworkremotely:210] - Scraping WWR category programming for keyword: Stagiar
2024-12-17 18:54:39,601 - JobAlertNotifier - INFO - [weworkremotely:210] - Scraping WWR category programming for keyword: Stagiar
2024-12-17 18:54:40,180 - JobAlertNotifier - INFO - [weworkremotely:210] - Scraping WWR category programming for keyword: Practică
2024-12-17 18:54:40,180 - JobAlertNotifier - INFO - [weworkremotely:210] - Scraping WWR category programming for keyword: Practică
2024-12-17 18:54:40,665 - JobAlertNotifier - INFO - [weworkremotely:210] - Scraping WWR category programming for keyword: Program pentru absolvenți
2024-12-17 18:54:40,665 - JobAlertNotifier - INFO - [weworkremotely:210] - Scraping WWR category programming for keyword: Program pentru absolvenți
2024-12-17 18:54:41,192 - JobAlertNotifier - INFO - [weworkremotely:210] - Scraping WWR category programming for keyword: Program pentru studenți
2024-12-17 18:54:41,192 - JobAlertNotifier - INFO - [weworkremotely:210] - Scraping WWR category programming for keyword: Program pentru studenți
2024-12-17 18:54:41,714 - JobAlertNotifier - INFO - [weworkremotely:210] - Scraping WWR category programming for keyword: Pregătire profesională
2024-12-17 18:54:41,714 - JobAlertNotifier - INFO - [weworkremotely:210] - Scraping WWR category programming for keyword: Pregătire profesională
2024-12-17 18:54:42,204 - JobAlertNotifier - INFO - [weworkremotely:210] - Scraping WWR category programming for keyword: Dezvoltator
2024-12-17 18:54:42,204 - JobAlertNotifier - INFO - [weworkremotely:210] - Scraping WWR category programming for keyword: Dezvoltator
2024-12-17 18:54:42,810 - JobAlertNotifier - INFO - [weworkremotely:210] - Scraping WWR category programming for keyword: Programator
2024-12-17 18:54:42,810 - JobAlertNotifier - INFO - [weworkremotely:210] - Scraping WWR category programming for keyword: Programator
2024-12-17 18:54:43,320 - JobAlertNotifier - INFO - [weworkremotely:210] - Scraping WWR category programming for keyword: Inginer software
2024-12-17 18:54:43,320 - JobAlertNotifier - INFO - [weworkremotely:210] - Scraping WWR category programming for keyword: Inginer software
2024-12-17 18:54:43,816 - JobAlertNotifier - INFO - [weworkremotely:210] - Scraping WWR category programming for keyword: Programare
2024-12-17 18:54:43,816 - JobAlertNotifier - INFO - [weworkremotely:210] - Scraping WWR category programming for keyword: Programare
2024-12-17 18:54:44,323 - JobAlertNotifier - INFO - [weworkremotely:210] - Scraping WWR category programming for keyword: Inginer
2024-12-17 18:54:44,323 - JobAlertNotifier - INFO - [weworkremotely:210] - Scraping WWR category programming for keyword: Inginer
2024-12-17 18:54:44,838 - JobAlertNotifier - INFO - [weworkremotely:210] - Scraping WWR category programming for keyword: Dezvoltare
2024-12-17 18:54:44,838 - JobAlertNotifier - INFO - [weworkremotely:210] - Scraping WWR category programming for keyword: Dezvoltare
2024-12-17 18:54:45,350 - JobAlertNotifier - INFO - [weworkremotely:210] - Scraping WWR category programming for keyword: Tehnologie
2024-12-17 18:54:45,350 - JobAlertNotifier - INFO - [weworkremotely:210] - Scraping WWR category programming for keyword: Tehnologie
2024-12-17 18:54:45,833 - JobAlertNotifier - INFO - [weworkremotely:210] - Scraping WWR category programming for keyword: Aplicație
2024-12-17 18:54:45,833 - JobAlertNotifier - INFO - [weworkremotely:210] - Scraping WWR category programming for keyword: Aplicație
2024-12-17 18:54:46,329 - JobAlertNotifier - INFO - [weworkremotely:210] - Scraping WWR category programming for keyword: Aplicații mobile
2024-12-17 18:54:46,329 - JobAlertNotifier - INFO - [weworkremotely:210] - Scraping WWR category programming for keyword: Aplicații mobile
2024-12-17 18:54:46,844 - JobAlertNotifier - INFO - [weworkremotely:210] - Scraping WWR category copywriting for keyword: IT
2024-12-17 18:54:46,844 - JobAlertNotifier - INFO - [weworkremotely:210] - Scraping WWR category copywriting for keyword: IT
2024-12-17 18:55:18,910 - JobAlertNotifier - INFO - [weworkremotely:210] - Scraping WWR category programming for keyword: Tehnician IT
2024-12-17 18:55:18,910 - JobAlertNotifier - INFO - [weworkremotely:210] - Scraping WWR category programming for keyword: Tehnician IT
2024-12-17 18:55:19,423 - JobAlertNotifier - INFO - [weworkremotely:210] - Scraping WWR category programming for keyword: Web
2024-12-17 18:55:19,423 - JobAlertNotifier - INFO - [weworkremotely:210] - Scraping WWR category programming for keyword: Web
2024-12-17 18:55:19,978 - JobAlertNotifier - INFO - [weworkremotely:210] - Scraping WWR category programming for keyword: Frontend
2024-12-17 18:55:19,978 - JobAlertNotifier - INFO - [weworkremotely:210] - Scraping WWR category programming for keyword: Frontend
2024-12-17 18:55:20,470 - JobAlertNotifier - INFO - [weworkremotely:210] - Scraping WWR category programming for keyword: Backend
2024-12-17 18:55:20,470 - JobAlertNotifier - INFO - [weworkremotely:210] - Scraping WWR category programming for keyword: Backend
2024-12-17 18:55:21,015 - JobAlertNotifier - INFO - [weworkremotely:210] - Scraping WWR category programming for keyword: Full Stack
2024-12-17 18:55:21,015 - JobAlertNotifier - INFO - [weworkremotely:210] - Scraping WWR category programming for keyword: Full Stack
2024-12-17 18:55:21,554 - JobAlertNotifier - INFO - [weworkremotely:210] - Scraping WWR category programming for keyword: Testare software
2024-12-17 18:55:21,554 - JobAlertNotifier - INFO - [weworkremotely:210] - Scraping WWR category programming for keyword: Testare software
2024-12-17 18:55:22,117 - JobAlertNotifier - INFO - [weworkremotely:210] - Scraping WWR category programming for keyword: QA
2024-12-17 18:55:22,117 - JobAlertNotifier - INFO - [weworkremotely:210] - Scraping WWR category programming for keyword: QA
2024-12-17 18:55:22,613 - JobAlertNotifier - INFO - [weworkremotely:210] - Scraping WWR category devops-sysadmin for keyword: DevOps
2024-12-17 18:55:22,613 - JobAlertNotifier - INFO - [weworkremotely:210] - Scraping WWR category devops-sysadmin for keyword: DevOps
2024-12-17 18:55:25,755 - JobAlertNotifier - INFO - [weworkremotely:210] - Scraping WWR category programming for keyword: Administrare sisteme
2024-12-17 18:55:25,755 - JobAlertNotifier - INFO - [weworkremotely:210] - Scraping WWR category programming for keyword: Administrare sisteme
2024-12-17 18:55:26,465 - JobAlertNotifier - INFO - [main:64] - Found 23 jobs from WeWorkRemotelyScraper
2024-12-17 18:55:26,465 - JobAlertNotifier - INFO - [main:64] - Found 23 jobs from WeWorkRemotelyScraper
2024-12-17 18:55:26,466 - JobAlertNotifier - INFO - [main:70] - Found 23 total jobs across all sources
2024-12-17 18:55:26,466 - JobAlertNotifier - INFO - [main:70] - Found 23 total jobs across all sources
2024-12-17 18:55:26,467 - JobAlertNotifier - INFO - [filters:223] - Filtering 23 jobs
2024-12-17 18:55:26,467 - JobAlertNotifier - INFO - [filters:223] - Filtering 23 jobs
2024-12-17 18:55:26,468 - JobAlertNotifier - INFO - [filters:248] - Filtered 23 jobs down to 7 matches
2024-12-17 18:55:26,468 - JobAlertNotifier - INFO - [filters:248] - Filtered 23 jobs down to 7 matches
2024-12-17 18:55:26,468 - JobAlertNotifier - INFO - [main:74] - Found 7 matching jobs for Romania
2024-12-17 18:55:26,468 - JobAlertNotifier - INFO - [main:74] - Found 7 matching jobs for Romania
2024-12-17 18:55:28,301 - JobAlertNotifier - INFO - [email_notifier:335] - Successfully sent email notification for 7 jobs
2024-12-17 18:55:28,301 - JobAlertNotifier - INFO - [email_notifier:335] - Successfully sent email notification for 7 jobs
2024-12-17 18:57:01,343 - JobAlertNotifier - INFO - [base:49] - Initialized EmailNotifier with text formatting
2024-12-17 18:57:01,344 - JobAlertNotifier - INFO - [base:49] - Initialized TelegramNotifier with text formatting
2024-12-17 18:57:01,344 - JobAlertNotifier - INFO - [base:49] - Initialized TelegramNotifier with text formatting
2024-12-17 18:57:01,345 - JobAlertNotifier - INFO - [telegram_notifier:73] - Initializing Telegram notifier...
2024-12-17 18:57:01,345 - JobAlertNotifier - INFO - [telegram_notifier:73] - Initializing Telegram notifier...
2024-12-17 18:57:01,910 - JobAlertNotifier - INFO - [telegram_notifier:115] - Validating Telegram bot connection...
2024-12-17 18:57:01,910 - JobAlertNotifier - INFO - [telegram_notifier:115] - Validating Telegram bot connection...
2024-12-17 18:57:02,151 - JobAlertNotifier - INFO - [telegram_notifier:119] - Connected as bot: JobSprintBot
2024-12-17 18:57:02,151 - JobAlertNotifier - INFO - [telegram_notifier:119] - Connected as bot: JobSprintBot
2024-12-17 18:57:02,308 - JobAlertNotifier - INFO - [telegram_notifier:139] - Telegram bot validation successful
2024-12-17 18:57:02,308 - JobAlertNotifier - INFO - [telegram_notifier:139] - Telegram bot validation successful
2024-12-17 18:57:02,309 - JobAlertNotifier - INFO - [weworkremotely:210] - Scraping WWR category programming for keyword: Intern
2024-12-17 18:57:02,309 - JobAlertNotifier - INFO - [weworkremotely:210] - Scraping WWR category programming for keyword: Intern
2024-12-17 18:57:23,025 - JobAlertNotifier - ERROR - [weworkremotely:281] - Error processing job item: 'NoneType' object has no attribute 'text'
2024-12-17 18:57:23,025 - JobAlertNotifier - ERROR - [weworkremotely:281] - Error processing job item: 'NoneType' object has no attribute 'text'
2024-12-17 18:57:23,027 - JobAlertNotifier - INFO - [weworkremotely:210] - Scraping WWR category programming for keyword: Internship
2024-12-17 18:57:23,027 - JobAlertNotifier - INFO - [weworkremotely:210] - Scraping WWR category programming for keyword: Internship
2024-12-17 18:57:23,649 - JobAlertNotifier - INFO - [weworkremotely:210] - Scraping WWR category programming for keyword: Student
2024-12-17 18:57:23,649 - JobAlertNotifier - INFO - [weworkremotely:210] - Scraping WWR category programming for keyword: Student
2024-12-17 18:57:24,123 - JobAlertNotifier - INFO - [weworkremotely:210] - Scraping WWR category programming for keyword: Trainee
2024-12-17 18:57:24,123 - JobAlertNotifier - INFO - [weworkremotely:210] - Scraping WWR category programming for keyword: Trainee
2024-12-17 18:57:24,609 - JobAlertNotifier - INFO - [weworkremotely:210] - Scraping WWR category programming for keyword: Stagiar
2024-12-17 18:57:24,609 - JobAlertNotifier - INFO - [weworkremotely:210] - Scraping WWR category programming for keyword: Stagiar
2024-12-17 18:57:25,081 - JobAlertNotifier - INFO - [weworkremotely:210] - Scraping WWR category programming for keyword: Practică
2024-12-17 18:57:25,081 - JobAlertNotifier - INFO - [weworkremotely:210] - Scraping WWR category programming for keyword: Practică
2024-12-17 18:57:25,564 - JobAlertNotifier - INFO - [weworkremotely:210] - Scraping WWR category programming for keyword: Program pentru absolvenți
2024-12-17 18:57:25,564 - JobAlertNotifier - INFO - [weworkremotely:210] - Scraping WWR category programming for keyword: Program pentru absolvenți
2024-12-17 18:57:26,030 - JobAlertNotifier - INFO - [weworkremotely:210] - Scraping WWR category programming for keyword: Program pentru studenți
2024-12-17 18:57:26,030 - JobAlertNotifier - INFO - [weworkremotely:210] - Scraping WWR category programming for keyword: Program pentru studenți
2024-12-17 18:57:26,543 - JobAlertNotifier - INFO - [weworkremotely:210] - Scraping WWR category programming for keyword: Pregătire profesională
2024-12-17 18:57:26,543 - JobAlertNotifier - INFO - [weworkremotely:210] - Scraping WWR category programming for keyword: Pregătire profesională
2024-12-17 18:57:27,016 - JobAlertNotifier - INFO - [weworkremotely:210] - Scraping WWR category programming for keyword: Dezvoltator
2024-12-17 18:57:27,016 - JobAlertNotifier - INFO - [weworkremotely:210] - Scraping WWR category programming for keyword: Dezvoltator
2024-12-17 18:57:27,488 - JobAlertNotifier - INFO - [weworkremotely:210] - Scraping WWR category programming for keyword: Programator
2024-12-17 18:57:27,488 - JobAlertNotifier - INFO - [weworkremotely:210] - Scraping WWR category programming for keyword: Programator
2024-12-17 18:57:27,991 - JobAlertNotifier - INFO - [weworkremotely:210] - Scraping WWR category programming for keyword: Inginer software
2024-12-17 18:57:27,991 - JobAlertNotifier - INFO - [weworkremotely:210] - Scraping WWR category programming for keyword: Inginer software
2024-12-17 18:57:28,479 - JobAlertNotifier - INFO - [weworkremotely:210] - Scraping WWR category programming for keyword: Programare
2024-12-17 18:57:28,479 - JobAlertNotifier - INFO - [weworkremotely:210] - Scraping WWR category programming for keyword: Programare
2024-12-17 18:57:28,994 - JobAlertNotifier - INFO - [weworkremotely:210] - Scraping WWR category programming for keyword: Inginer
2024-12-17 18:57:28,994 - JobAlertNotifier - INFO - [weworkremotely:210] - Scraping WWR category programming for keyword: Inginer
2024-12-17 18:57:29,457 - JobAlertNotifier - INFO - [weworkremotely:210] - Scraping WWR category programming for keyword: Dezvoltare
2024-12-17 18:57:29,457 - JobAlertNotifier - INFO - [weworkremotely:210] - Scraping WWR category programming for keyword: Dezvoltare
2024-12-17 18:57:29,970 - JobAlertNotifier - INFO - [weworkremotely:210] - Scraping WWR category programming for keyword: Tehnologie
2024-12-17 18:57:29,970 - JobAlertNotifier - INFO - [weworkremotely:210] - Scraping WWR category programming for keyword: Tehnologie
2024-12-17 18:57:30,456 - JobAlertNotifier - INFO - [weworkremotely:210] - Scraping WWR category programming for keyword: Aplicație
2024-12-17 18:57:30,456 - JobAlertNotifier - INFO - [weworkremotely:210] - Scraping WWR category programming for keyword: Aplicație
2024-12-17 18:57:30,944 - JobAlertNotifier - INFO - [weworkremotely:210] - Scraping WWR category programming for keyword: Aplicații mobile
2024-12-17 18:57:30,944 - JobAlertNotifier - INFO - [weworkremotely:210] - Scraping WWR category programming for keyword: Aplicații mobile
2024-12-17 18:57:31,435 - JobAlertNotifier - INFO - [weworkremotely:210] - Scraping WWR category copywriting for keyword: IT
2024-12-17 18:57:31,435 - JobAlertNotifier - INFO - [weworkremotely:210] - Scraping WWR category copywriting for keyword: IT
2024-12-17 18:58:01,424 - JobAlertNotifier - INFO - [weworkremotely:210] - Scraping WWR category programming for keyword: Tehnician IT
2024-12-17 18:58:01,424 - JobAlertNotifier - INFO - [weworkremotely:210] - Scraping WWR category programming for keyword: Tehnician IT
2024-12-17 18:58:02,064 - JobAlertNotifier - INFO - [weworkremotely:210] - Scraping WWR category programming for keyword: Web
2024-12-17 18:58:02,064 - JobAlertNotifier - INFO - [weworkremotely:210] - Scraping WWR category programming for keyword: Web
2024-12-17 18:58:02,552 - JobAlertNotifier - INFO - [weworkremotely:210] - Scraping WWR category programming for keyword: Frontend
2024-12-17 18:58:02,552 - JobAlertNotifier - INFO - [weworkremotely:210] - Scraping WWR category programming for keyword: Frontend
2024-12-17 18:58:03,059 - JobAlertNotifier - INFO - [weworkremotely:210] - Scraping WWR category programming for keyword: Backend
2024-12-17 18:58:03,059 - JobAlertNotifier - INFO - [weworkremotely:210] - Scraping WWR category programming for keyword: Backend
2024-12-17 18:58:03,528 - JobAlertNotifier - INFO - [weworkremotely:210] - Scraping WWR category programming for keyword: Full Stack
2024-12-17 18:58:03,528 - JobAlertNotifier - INFO - [weworkremotely:210] - Scraping WWR category programming for keyword: Full Stack
2024-12-17 18:58:04,030 - JobAlertNotifier - INFO - [weworkremotely:210] - Scraping WWR category programming for keyword: Testare software
2024-12-17 18:58:04,030 - JobAlertNotifier - INFO - [weworkremotely:210] - Scraping WWR category programming for keyword: Testare software
2024-12-17 18:58:04,520 - JobAlertNotifier - INFO - [weworkremotely:210] - Scraping WWR category programming for keyword: QA
2024-12-17 18:58:04,520 - JobAlertNotifier - INFO - [weworkremotely:210] - Scraping WWR category programming for keyword: QA
2024-12-17 18:58:05,009 - JobAlertNotifier - INFO - [weworkremotely:210] - Scraping WWR category devops-sysadmin for keyword: DevOps
2024-12-17 18:58:05,009 - JobAlertNotifier - INFO - [weworkremotely:210] - Scraping WWR category devops-sysadmin for keyword: DevOps
2024-12-17 18:58:07,985 - JobAlertNotifier - INFO - [weworkremotely:210] - Scraping WWR category programming for keyword: Administrare sisteme
2024-12-17 18:58:07,985 - JobAlertNotifier - INFO - [weworkremotely:210] - Scraping WWR category programming for keyword: Administrare sisteme
2024-12-17 18:58:08,476 - JobAlertNotifier - INFO - [main:64] - Found 23 jobs from WeWorkRemotelyScraper
2024-12-17 18:58:08,476 - JobAlertNotifier - INFO - [main:64] - Found 23 jobs from WeWorkRemotelyScraper
2024-12-17 18:58:08,477 - JobAlertNotifier - INFO - [main:70] - Found 23 total jobs across all sources
2024-12-17 18:58:08,477 - JobAlertNotifier - INFO - [main:70] - Found 23 total jobs across all sources
2024-12-17 18:58:08,478 - JobAlertNotifier - INFO - [filters:223] - Filtering 23 jobs
2024-12-17 18:58:08,478 - JobAlertNotifier - INFO - [filters:223] - Filtering 23 jobs
2024-12-17 18:58:08,479 - JobAlertNotifier - INFO - [filters:248] - Filtered 23 jobs down to 7 matches
2024-12-17 18:58:08,479 - JobAlertNotifier - INFO - [filters:248] - Filtered 23 jobs down to 7 matches
2024-12-17 18:58:08,479 - JobAlertNotifier - INFO - [main:74] - Found 7 matching jobs for Romania
2024-12-17 18:58:08,479 - JobAlertNotifier - INFO - [main:74] - Found 7 matching jobs for Romania
2024-12-17 18:58:08,480 - JobAlertNotifier - INFO - [main:80] - Removed 0 duplicate jobs
2024-12-17 18:58:08,480 - JobAlertNotifier - INFO - [main:80] - Removed 0 duplicate jobs
2024-12-17 18:58:09,577 - JobAlertNotifier - INFO - [email_notifier:335] - Successfully sent email notification for 7 jobs
2024-12-17 18:58:09,577 - JobAlertNotifier - INFO - [email_notifier:335] - Successfully sent email notification for 7 jobs
2024-12-17 19:05:06,604 - JobAlertNotifier - INFO - [base:49] - Initialized EmailNotifier with text formatting
2024-12-17 19:05:06,605 - JobAlertNotifier - INFO - [base:49] - Initialized TelegramNotifier with text formatting
2024-12-17 19:05:06,605 - JobAlertNotifier - INFO - [telegram_notifier:73] - Initializing Telegram notifier...
2024-12-17 19:05:07,181 - JobAlertNotifier - INFO - [telegram_notifier:115] - Validating Telegram bot connection...
2024-12-17 19:05:07,417 - JobAlertNotifier - INFO - [telegram_notifier:119] - Connected as bot: JobSprintBot
2024-12-17 19:05:07,607 - JobAlertNotifier - INFO - [telegram_notifier:139] - Telegram bot validation successful
2024-12-17 19:07:33,317 - JobAlertNotifier - INFO - [base:49] - Initialized EmailNotifier with text formatting
2024-12-17 19:07:33,318 - JobAlertNotifier - INFO - [base:49] - Initialized TelegramNotifier with text formatting
2024-12-17 19:07:33,318 - JobAlertNotifier - INFO - [telegram_notifier:73] - Initializing Telegram notifier...
2024-12-17 19:07:33,890 - JobAlertNotifier - INFO - [telegram_notifier:115] - Validating Telegram bot connection...
2024-12-17 19:07:34,044 - JobAlertNotifier - INFO - [telegram_notifier:119] - Connected as bot: JobSprintBot
2024-12-17 19:07:34,178 - JobAlertNotifier - INFO - [telegram_notifier:139] - Telegram bot validation successful
2024-12-17 19:13:02,196 - JobAlertNotifier - INFO - [base:49] - Initialized EmailNotifier with text formatting
2024-12-17 19:13:02,197 - JobAlertNotifier - INFO - [base:49] - Initialized TelegramNotifier with text formatting
2024-12-17 19:13:02,197 - JobAlertNotifier - INFO - [telegram_notifier:74] - Initializing Telegram notifier...
2024-12-17 19:13:02,779 - JobAlertNotifier - INFO - [telegram_notifier:116] - Validating Telegram bot connection...
2024-12-17 19:13:02,954 - JobAlertNotifier - INFO - [telegram_notifier:120] - Connected as bot: JobSprintBot
2024-12-17 19:13:03,105 - JobAlertNotifier - INFO - [telegram_notifier:140] - Telegram bot validation successful
2024-12-17 19:17:05,289 - JobAlertNotifier - INFO - [base:49] - Initialized EmailNotifier with text formatting
2024-12-17 19:17:05,290 - JobAlertNotifier - INFO - [base:49] - Initialized TelegramNotifier with text formatting
2024-12-17 19:17:05,290 - JobAlertNotifier - INFO - [telegram_notifier:75] - Initializing Telegram notifier...
2024-12-17 19:17:05,870 - JobAlertNotifier - INFO - [telegram_notifier:117] - Validating Telegram bot connection...
2024-12-17 19:17:06,061 - JobAlertNotifier - INFO - [telegram_notifier:121] - Connected as bot: JobSprintBot
2024-12-17 19:17:06,399 - JobAlertNotifier - INFO - [telegram_notifier:141] - Telegram bot validation successful
2024-12-17 19:20:08,600 - JobAlertNotifier - INFO - [base:49] - Initialized EmailNotifier with text formatting
2024-12-17 19:20:08,601 - JobAlertNotifier - INFO - [base:49] - Initialized TelegramNotifier with text formatting
2024-12-17 19:20:08,601 - JobAlertNotifier - INFO - [telegram_notifier:75] - Initializing Telegram notifier...
2024-12-17 19:20:09,199 - JobAlertNotifier - INFO - [telegram_notifier:117] - Validating Telegram bot connection...
2024-12-17 19:20:09,375 - JobAlertNotifier - INFO - [telegram_notifier:121] - Connected as bot: JobSprintBot
2024-12-17 19:20:09,589 - JobAlertNotifier - INFO - [telegram_notifier:141] - Telegram bot validation successful
2024-12-17 19:33:53,816 - JobAlertNotifier - INFO - [base:49] - Initialized EmailNotifier with text formatting
2024-12-17 19:33:53,816 - JobAlertNotifier - INFO - [base:49] - Initialized TelegramNotifier with text formatting
2024-12-17 19:33:53,816 - JobAlertNotifier - INFO - [telegram_notifier:75] - Initializing Telegram notifier...
2024-12-17 19:33:54,434 - JobAlertNotifier - INFO - [telegram_notifier:117] - Validating Telegram bot connection...
2024-12-17 19:33:54,621 - JobAlertNotifier - INFO - [telegram_notifier:121] - Connected as bot: JobSprintBot
2024-12-17 19:33:54,777 - JobAlertNotifier - INFO - [telegram_notifier:141] - Telegram bot validation successful
2024-12-17 19:38:34,216 - JobAlertNotifier - INFO - [base:49] - Initialized EmailNotifier with text formatting
2024-12-17 19:38:34,217 - JobAlertNotifier - INFO - [base:49] - Initialized TelegramNotifier with text formatting
2024-12-17 19:38:34,217 - JobAlertNotifier - INFO - [telegram_notifier:75] - Initializing Telegram notifier...
2024-12-17 19:38:34,788 - JobAlertNotifier - INFO - [telegram_notifier:117] - Validating Telegram bot connection...
2024-12-17 19:38:34,975 - JobAlertNotifier - INFO - [telegram_notifier:121] - Connected as bot: JobSprintBot
2024-12-17 19:38:35,135 - JobAlertNotifier - INFO - [telegram_notifier:141] - Telegram bot validation successful
2024-12-17 19:42:56,250 - JobAlertNotifier - INFO - [base:49] - Initialized EmailNotifier with text formatting
2024-12-17 19:42:56,250 - JobAlertNotifier - INFO - [base:49] - Initialized TelegramNotifier with text formatting
2024-12-17 19:42:56,251 - JobAlertNotifier - INFO - [telegram_notifier:75] - Initializing Telegram notifier...
2024-12-17 19:42:56,824 - JobAlertNotifier - INFO - [telegram_notifier:117] - Validating Telegram bot connection...
2024-12-17 19:42:57,012 - JobAlertNotifier - INFO - [telegram_notifier:121] - Connected as bot: JobSprintBot
2024-12-17 19:42:57,189 - JobAlertNotifier - INFO - [telegram_notifier:141] - Telegram bot validation successful
2024-12-17 19:43:44,185 - JobAlertNotifier - INFO - [base:49] - Initialized EmailNotifier with text formatting
2024-12-17 19:43:44,185 - JobAlertNotifier - INFO - [base:49] - Initialized TelegramNotifier with text formatting
2024-12-17 19:43:44,186 - JobAlertNotifier - INFO - [telegram_notifier:75] - Initializing Telegram notifier...
2024-12-17 19:43:44,774 - JobAlertNotifier - INFO - [telegram_notifier:117] - Validating Telegram bot connection...
2024-12-17 19:43:44,965 - JobAlertNotifier - INFO - [telegram_notifier:121] - Connected as bot: JobSprintBot
2024-12-17 19:43:45,222 - JobAlertNotifier - INFO - [telegram_notifier:141] - Telegram bot validation successful
2024-12-17 19:45:57,103 - JobAlertNotifier - INFO - [base:49] - Initialized EmailNotifier with text formatting
2024-12-17 19:45:57,104 - JobAlertNotifier - INFO - [base:49] - Initialized TelegramNotifier with text formatting
2024-12-17 19:45:57,104 - JobAlertNotifier - INFO - [telegram_notifier:75] - Initializing Telegram notifier...
2024-12-17 19:45:57,837 - JobAlertNotifier - INFO - [telegram_notifier:117] - Validating Telegram bot connection...
2024-12-17 19:45:58,040 - JobAlertNotifier - INFO - [telegram_notifier:121] - Connected as bot: JobSprintBot
2024-12-17 19:45:58,267 - JobAlertNotifier - INFO - [telegram_notifier:141] - Telegram bot validation successful
2024-12-17 19:48:12,054 - JobAlertNotifier - INFO - [base:49] - Initialized EmailNotifier with text formatting
2024-12-17 19:48:12,054 - JobAlertNotifier - INFO - [base:49] - Initialized TelegramNotifier with text formatting
2024-12-17 19:48:12,054 - JobAlertNotifier - INFO - [telegram_notifier:75] - Initializing Telegram notifier...
2024-12-17 19:48:12,624 - JobAlertNotifier - INFO - [telegram_notifier:117] - Validating Telegram bot connection...
2024-12-17 19:48:12,820 - JobAlertNotifier - INFO - [telegram_notifier:121] - Connected as bot: JobSprintBot
2024-12-17 19:48:13,468 - JobAlertNotifier - INFO - [telegram_notifier:141] - Telegram bot validation successful
2024-12-17 19:49:49,334 - JobAlertNotifier - INFO - [base:49] - Initialized EmailNotifier with text formatting
2024-12-17 19:49:49,334 - JobAlertNotifier - INFO - [base:49] - Initialized TelegramNotifier with text formatting
2024-12-17 19:49:49,334 - JobAlertNotifier - INFO - [telegram_notifier:75] - Initializing Telegram notifier...
2024-12-17 19:49:49,920 - JobAlertNotifier - INFO - [telegram_notifier:117] - Validating Telegram bot connection...
2024-12-17 19:49:50,152 - JobAlertNotifier - INFO - [telegram_notifier:121] - Connected as bot: JobSprintBot
2024-12-17 19:49:50,473 - JobAlertNotifier - INFO - [telegram_notifier:141] - Telegram bot validation successful
2024-12-17 19:51:33,622 - JobAlertNotifier - INFO - [base:49] - Initialized EmailNotifier with text formatting
2024-12-17 19:51:33,623 - JobAlertNotifier - INFO - [base:49] - Initialized TelegramNotifier with text formatting
2024-12-17 19:51:33,623 - JobAlertNotifier - INFO - [telegram_notifier:75] - Initializing Telegram notifier...
2024-12-17 19:51:34,182 - JobAlertNotifier - INFO - [telegram_notifier:117] - Validating Telegram bot connection...
2024-12-17 19:51:34,330 - JobAlertNotifier - INFO - [telegram_notifier:121] - Connected as bot: JobSprintBot
2024-12-17 19:51:34,451 - JobAlertNotifier - INFO - [telegram_notifier:141] - Telegram bot validation successful
2024-12-17 19:54:58,902 - JobAlertNotifier - INFO - [base:49] - Initialized EmailNotifier with text formatting
2024-12-17 19:54:58,903 - JobAlertNotifier - INFO - [base:49] - Initialized TelegramNotifier with text formatting
2024-12-17 19:54:58,903 - JobAlertNotifier - INFO - [telegram_notifier:75] - Initializing Telegram notifier...
2024-12-17 19:54:59,471 - JobAlertNotifier - INFO - [telegram_notifier:117] - Validating Telegram bot connection...
2024-12-17 19:54:59,674 - JobAlertNotifier - INFO - [telegram_notifier:121] - Connected as bot: JobSprintBot
2024-12-17 19:54:59,825 - JobAlertNotifier - INFO - [telegram_notifier:141] - Telegram bot validation successful
2024-12-17 19:57:54,106 - JobAlertNotifier - INFO - [base:49] - Initialized EmailNotifier with text formatting
2024-12-17 19:57:54,106 - JobAlertNotifier - INFO - [base:49] - Initialized TelegramNotifier with text formatting
2024-12-17 19:57:54,107 - JobAlertNotifier - INFO - [telegram_notifier:75] - Initializing Telegram notifier...
2024-12-17 19:57:54,691 - JobAlertNotifier - INFO - [telegram_notifier:117] - Validating Telegram bot connection...
2024-12-17 19:57:54,885 - JobAlertNotifier - INFO - [telegram_notifier:121] - Connected as bot: JobSprintBot
2024-12-17 19:57:55,100 - JobAlertNotifier - INFO - [telegram_notifier:141] - Telegram bot validation successful
2024-12-17 20:01:38,692 - JobAlertNotifier - INFO - [base:49] - Initialized EmailNotifier with text formatting
2024-12-17 20:01:38,693 - JobAlertNotifier - INFO - [base:49] - Initialized TelegramNotifier with text formatting
2024-12-17 20:01:38,693 - JobAlertNotifier - INFO - [telegram_notifier:75] - Initializing Telegram notifier...
2024-12-17 20:01:39,256 - JobAlertNotifier - INFO - [telegram_notifier:117] - Validating Telegram bot connection...
2024-12-17 20:01:39,432 - JobAlertNotifier - INFO - [telegram_notifier:121] - Connected as bot: JobSprintBot
2024-12-17 20:01:39,615 - JobAlertNotifier - INFO - [telegram_notifier:141] - Telegram bot validation successful
2024-12-17 20:06:22,628 - JobAlertNotifier - INFO - [base:49] - Initialized EmailNotifier with text formatting
2024-12-17 20:06:22,628 - JobAlertNotifier - INFO - [base:49] - Initialized TelegramNotifier with text formatting
2024-12-17 20:06:22,628 - JobAlertNotifier - INFO - [telegram_notifier:75] - Initializing Telegram notifier...
2024-12-17 20:06:23,217 - JobAlertNotifier - INFO - [telegram_notifier:117] - Validating Telegram bot connection...
2024-12-17 20:06:23,404 - JobAlertNotifier - INFO - [telegram_notifier:121] - Connected as bot: JobSprintBot
2024-12-17 20:06:23,552 - JobAlertNotifier - INFO - [telegram_notifier:141] - Telegram bot validation successful
2024-12-17 20:10:38,015 - JobAlertNotifier - INFO - [base:49] - Initialized EmailNotifier with text formatting
2024-12-17 20:10:38,016 - JobAlertNotifier - INFO - [base:49] - Initialized TelegramNotifier with text formatting
2024-12-17 20:10:38,016 - JobAlertNotifier - INFO - [telegram_notifier:75] - Initializing Telegram notifier...
2024-12-17 20:10:38,653 - JobAlertNotifier - INFO - [telegram_notifier:117] - Validating Telegram bot connection...
2024-12-17 20:10:38,839 - JobAlertNotifier - INFO - [telegram_notifier:121] - Connected as bot: JobSprintBot
2024-12-17 20:10:38,997 - JobAlertNotifier - INFO - [telegram_notifier:141] - Telegram bot validation successful
2024-12-17 20:13:07,461 - JobAlertNotifier - INFO - [base:49] - Initialized EmailNotifier with text formatting
2024-12-17 20:13:07,461 - JobAlertNotifier - INFO - [base:49] - Initialized TelegramNotifier with text formatting
2024-12-17 20:13:07,462 - JobAlertNotifier - INFO - [telegram_notifier:75] - Initializing Telegram notifier...
2024-12-17 20:13:08,080 - JobAlertNotifier - INFO - [telegram_notifier:117] - Validating Telegram bot connection...
2024-12-17 20:13:08,265 - JobAlertNotifier - INFO - [telegram_notifier:121] - Connected as bot: JobSprintBot
2024-12-17 20:13:08,428 - JobAlertNotifier - INFO - [telegram_notifier:141] - Telegram bot validation successful
