2024-12-17 18:54:15,410 - JobAlertNotifier - INFO - [weworkremotely:210] - Scraping WWR category programming for keyword: Intern
2024-12-17 18:54:37,675 - JobAlertNotifier - ERROR - [weworkremotely:281] - Error processing job item: 'NoneType' object has no attribute 'text'
2024-12-17 18:54:37,675 - JobAlertNotifier - INFO - [weworkremotely:210] - Scraping WWR category programming for keyword: Internship
2024-12-17 18:54:38,396 - JobAlertNotifier - INFO - [weworkremotely:210] - Scraping WWR category programming for keyword: Student
2024-12-17 18:54:38,933 - JobAlertNotifier - INFO - [weworkremotely:210] - Scraping WWR category programming for keyword: Trainee
2024-12-17 18:54:39,601 - JobAlertNotifier - INFO - [weworkremotely:210] - Scraping WWR category programming for keyword: Stagiar
2024-12-17 18:54:40,180 - JobAlertNotifier - INFO - [weworkremotely:210] - Scraping WWR category programming for keyword: Practică
2024-12-17 18:54:40,665 - JobAlertNotifier - INFO - [weworkremotely:210] - Scraping WWR category programming for keyword: Program pentru absolvenți
2024-12-17 18:54:41,192 - JobAlertNotifier - INFO - [weworkremotely:210] - Scraping WWR category programming for keyword: Program pentru studenți
2024-12-17 18:54:41,714 - JobAlertNotifier - INFO - [weworkremotely:210] - Scraping WWR category programming for keyword: Pregătire profesională
2024-12-17 18:54:42,204 - JobAlertNotifier - INFO - [weworkremotely:210] - Scraping WWR category programming for keyword: Dezvoltator
2024-12-17 18:54:42,810 - JobAlertNotifier - INFO - [weworkremotely:210] - Scraping WWR category programming for keyword: Programator
2024-12-17 18:54:43,320 - JobAlertNotifier - INFO - [weworkremotely:210] - Scraping WWR category programming for keyword: Inginer software
2024-12-17 18:54:43,816 - JobAlertNotifier - INFO - [weworkremotely:210] - Scraping WWR category programming for keyword: Programare
2024-12-17 18:54:44,323 - JobAlertNotifier - INFO - [weworkremotely:210] - Scraping WWR category programming for keyword: Inginer
2024-12-17 18:54:44,838 - JobAlertNotifier - INFO - [weworkremotely:210] - Scraping WWR category programming for keyword: Dezvoltare
2024-12-17 18:54:45,350 - JobAlertNotifier - INFO - [weworkremotely:210] - Scraping WWR category programming for keyword: Tehnologie
2024-12-17 18:54:45,833 - JobAlertNotifier - INFO - [weworkremotely:210] - Scraping WWR category programming for keyword: Aplicație
2024-12-17 18:54:46,329 - JobAlertNotifier - INFO - [weworkremotely:210] - Scraping WWR category programming for keyword: Aplicații mobile
2024-12-17 18:54:46,844 - JobAlertNotifier - INFO - [weworkremotely:210] - Scraping WWR category copywriting for keyword: IT
2024-12-17 18:55:18,910 - JobAlertNotifier - INFO - [weworkremotely:210] - Scraping WWR category programming for keyword: Tehnician IT
2024-12-17 18:55:19,423 - JobAlertNotifier - INFO - [weworkremotely:210] - Scraping WWR category programming for keyword: Web
2024-12-17 18:55:19,978 - JobAlertNotifier - INFO - [weworkremotely:210] - Scraping WWR category programming for keyword: Frontend
2024-12-17 18:55:20,470 - JobAlertNotifier - INFO - [weworkremotely:210] - Scraping WWR category programming for keyword: Backend
2024-12-17 18:55:21,015 - JobAlertNotifier - INFO - [weworkremotely:210] - Scraping WWR category programming for keyword: Full Stack
2024-12-17 18:55:21,554 - JobAlertNotifier - INFO - [weworkremotely:210] - Scraping WWR category programming for keyword: Testare software
2024-12-17 18:55:22,117 - JobAlertNotifier - INFO - [weworkremotely:210] - Scraping WWR category programming for keyword: QA
2024-12-17 18:55:22,613 - JobAlertNotifier - INFO - [weworkremotely:210] - Scraping WWR category devops-sysadmin for keyword: DevOps
2024-12-17 18:55:25,755 - JobAlertNotifier - INFO - [weworkremotely:210] - Scraping WWR category programming for keyword: Administrare sisteme
2024-12-17 18:55:26,465 - JobAlertNotifier - INFO - [main:64] - Found 23 jobs from WeWorkRemotelyScraper
2024-12-17 18:55:26,466 - JobAlertNotifier - INFO - [main:70] - Found 23 total jobs across all sources
2024-12-17 18:55:26,467 - JobAlertNotifier - INFO - [filters:223] - Filtering 23 jobs
2024-12-17 18:55:26,468 - JobAlertNotifier - INFO - [filters:248] - Filtered 23 jobs down to 7 matches
2024-12-17 18:55:26,468 - JobAlertNotifier - INFO - [main:74] - Found 7 matching jobs for Romania
2024-12-17 18:55:28,301 - JobAlertNotifier - INFO - [email_notifier:335] - Successfully sent email notification for 7 jobs
2024-12-17 18:57:02,309 - JobAlertNotifier - INFO - [weworkremotely:210] - Scraping WWR category programming for keyword: Intern
2024-12-17 18:57:23,025 - JobAlertNotifier - ERROR - [weworkremotely:281] - Error processing job item: 'NoneType' object has no attribute 'text'
2024-12-17 18:57:23,027 - JobAlertNotifier - INFO - [weworkremotely:210] - Scraping WWR category programming for keyword: Internship
2024-12-17 18:57:23,649 - JobAlertNotifier - INFO - [weworkremotely:210] - Scraping WWR category programming for keyword: Student
2024-12-17 18:57:24,123 - JobAlertNotifier - INFO - [weworkremotely:210] - Scraping WWR category programming for keyword: Trainee
2024-12-17 18:57:24,609 - JobAlertNotifier - INFO - [weworkremotely:210] - Scraping WWR category programming for keyword: Stagiar
2024-12-17 18:57:25,081 - JobAlertNotifier - INFO - [weworkremotely:210] - Scraping WWR category programming for keyword: Practică
2024-12-17 18:57:25,564 - JobAlertNotifier - INFO - [weworkremotely:210] - Scraping WWR category programming for keyword: Program pentru absolvenți
2024-12-17 18:57:26,030 - JobAlertNotifier - INFO - [weworkremotely:210] - Scraping WWR category programming for keyword: Program pentru studenți
2024-12-17 18:57:26,543 - JobAlertNotifier - INFO - [weworkremotely:210] - Scraping WWR category programming for keyword: Pregătire profesională
2024-12-17 18:57:27,016 - JobAlertNotifier - INFO - [weworkremotely:210] - Scraping WWR category programming for keyword: Dezvoltator
2024-12-17 18:57:27,488 - JobAlertNotifier - INFO - [weworkremotely:210] - Scraping WWR category programming for keyword: Programator
2024-12-17 18:57:27,991 - JobAlertNotifier - INFO - [weworkremotely:210] - Scraping WWR category programming for keyword: Inginer software
2024-12-17 18:57:28,479 - JobAlertNotifier - INFO - [weworkremotely:210] - Scraping WWR category programming for keyword: Programare
2024-12-17 18:57:28,994 - JobAlertNotifier - INFO - [weworkremotely:210] - Scraping WWR category programming for keyword: Inginer
2024-12-17 18:57:29,457 - JobAlertNotifier - INFO - [weworkremotely:210] - Scraping WWR category programming for keyword: Dezvoltare
2024-12-17 18:57:29,970 - JobAlertNotifier - INFO - [weworkremotely:210] - Scraping WWR category programming for keyword: Tehnologie
2024-12-17 18:57:30,456 - JobAlertNotifier - INFO - [weworkremotely:210] - Scraping WWR category programming for keyword: Aplicație
2024-12-17 18:57:30,944 - JobAlertNotifier - INFO - [weworkremotely:210] - Scraping WWR category programming for keyword: Aplicații mobile
2024-12-17 18:57:31,435 - JobAlertNotifier - INFO - [weworkremotely:210] - Scraping WWR category copywriting for keyword: IT
2024-12-17 18:58:01,424 - JobAlertNotifier - INFO - [weworkremotely:210] - Scraping WWR category programming for keyword: Tehnician IT
2024-12-17 18:58:02,064 - JobAlertNotifier - INFO - [weworkremotely:210] - Scraping WWR category programming for keyword: Web
2024-12-17 18:58:02,552 - JobAlertNotifier - INFO - [weworkremotely:210] - Scraping WWR category programming for keyword: Frontend
2024-12-17 18:58:03,059 - JobAlertNotifier - INFO - [weworkremotely:210] - Scraping WWR category programming for keyword: Backend
2024-12-17 18:58:03,528 - JobAlertNotifier - INFO - [weworkremotely:210] - Scraping WWR category programming for keyword: Full Stack
2024-12-17 18:58:04,030 - JobAlertNotifier - INFO - [weworkremotely:210] - Scraping WWR category programming for keyword: Testare software
2024-12-17 18:58:04,520 - JobAlertNotifier - INFO - [weworkremotely:210] - Scraping WWR category programming for keyword: QA
2024-12-17 18:58:05,009 - JobAlertNotifier - INFO - [weworkremotely:210] - Scraping WWR category devops-sysadmin for keyword: DevOps
2024-12-17 18:58:07,985 - JobAlertNotifier - INFO - [weworkremotely:210] - Scraping WWR category programming for keyword: Administrare sisteme
2024-12-17 18:58:08,476 - JobAlertNotifier - INFO - [main:64] - Found 23 jobs from WeWorkRemotelyScraper
2024-12-17 18:58:08,477 - JobAlertNotifier - INFO - [main:70] - Found 23 total jobs across all sources
2024-12-17 18:58:08,478 - JobAlertNotifier - INFO - [filters:223] - Filtering 23 jobs
2024-12-17 18:58:08,479 - JobAlertNotifier - INFO - [filters:248] - Filtered 23 jobs down to 7 matches
2024-12-17 18:58:08,479 - JobAlertNotifier - INFO - [main:74] - Found 7 matching jobs for Romania
2024-12-17 18:58:08,480 - JobAlertNotifier - INFO - [main:80] - Removed 0 duplicate jobs
2024-12-17 18:58:09,577 - JobAlertNotifier - INFO - [email_notifier:335] - Successfully sent email notification for 7 jobs
2024-12-17 19:05:07,608 - JobAlertNotifier - INFO - [weworkremotely:210] - Scraping WWR category programming for keyword: Intern
2024-12-17 19:05:28,655 - JobAlertNotifier - ERROR - [weworkremotely:281] - Error processing job item: 'NoneType' object has no attribute 'text'
2024-12-17 19:05:28,655 - JobAlertNotifier - INFO - [weworkremotely:210] - Scraping WWR category programming for keyword: Internship
2024-12-17 19:05:29,125 - JobAlertNotifier - INFO - [weworkremotely:210] - Scraping WWR category programming for keyword: Student
2024-12-17 19:05:29,623 - JobAlertNotifier - INFO - [weworkremotely:210] - Scraping WWR category programming for keyword: Trainee
2024-12-17 19:05:30,094 - JobAlertNotifier - INFO - [weworkremotely:210] - Scraping WWR category programming for keyword: Stagiar
2024-12-17 19:05:30,565 - JobAlertNotifier - INFO - [weworkremotely:210] - Scraping WWR category programming for keyword: Practică
2024-12-17 19:05:31,151 - JobAlertNotifier - INFO - [weworkremotely:210] - Scraping WWR category programming for keyword: Program pentru absolvenți
2024-12-17 19:05:31,623 - JobAlertNotifier - INFO - [weworkremotely:210] - Scraping WWR category programming for keyword: Program pentru studenți
2024-12-17 19:05:32,089 - JobAlertNotifier - INFO - [weworkremotely:210] - Scraping WWR category programming for keyword: Pregătire profesională
2024-12-17 19:05:32,560 - JobAlertNotifier - INFO - [weworkremotely:210] - Scraping WWR category programming for keyword: Dezvoltator
2024-12-17 19:05:33,061 - JobAlertNotifier - INFO - [weworkremotely:210] - Scraping WWR category programming for keyword: Programator
2024-12-17 19:05:33,534 - JobAlertNotifier - INFO - [weworkremotely:210] - Scraping WWR category programming for keyword: Inginer software
2024-12-17 19:05:34,033 - JobAlertNotifier - INFO - [weworkremotely:210] - Scraping WWR category programming for keyword: Programare
2024-12-17 19:05:34,515 - JobAlertNotifier - INFO - [weworkremotely:210] - Scraping WWR category programming for keyword: Inginer
2024-12-17 19:05:35,028 - JobAlertNotifier - INFO - [weworkremotely:210] - Scraping WWR category programming for keyword: Dezvoltare
2024-12-17 19:05:35,522 - JobAlertNotifier - INFO - [weworkremotely:210] - Scraping WWR category programming for keyword: Tehnologie
2024-12-17 19:05:35,992 - JobAlertNotifier - INFO - [weworkremotely:210] - Scraping WWR category programming for keyword: Aplicație
2024-12-17 19:05:36,896 - JobAlertNotifier - INFO - [weworkremotely:210] - Scraping WWR category programming for keyword: Aplicații mobile
2024-12-17 19:05:37,519 - JobAlertNotifier - INFO - [weworkremotely:210] - Scraping WWR category copywriting for keyword: IT
2024-12-17 19:06:07,467 - JobAlertNotifier - INFO - [weworkremotely:210] - Scraping WWR category programming for keyword: Tehnician IT
2024-12-17 19:06:08,110 - JobAlertNotifier - INFO - [weworkremotely:210] - Scraping WWR category programming for keyword: Web
2024-12-17 19:06:08,900 - JobAlertNotifier - INFO - [weworkremotely:210] - Scraping WWR category programming for keyword: Frontend
2024-12-17 19:06:09,481 - JobAlertNotifier - INFO - [weworkremotely:210] - Scraping WWR category programming for keyword: Backend
2024-12-17 19:06:10,064 - JobAlertNotifier - INFO - [weworkremotely:210] - Scraping WWR category programming for keyword: Full Stack
2024-12-17 19:06:10,661 - JobAlertNotifier - INFO - [weworkremotely:210] - Scraping WWR category programming for keyword: Testare software
2024-12-17 19:06:11,357 - JobAlertNotifier - INFO - [weworkremotely:210] - Scraping WWR category programming for keyword: QA
2024-12-17 19:06:12,013 - JobAlertNotifier - INFO - [weworkremotely:210] - Scraping WWR category devops-sysadmin for keyword: DevOps
2024-12-17 19:06:15,103 - JobAlertNotifier - INFO - [weworkremotely:210] - Scraping WWR category programming for keyword: Administrare sisteme
2024-12-17 19:06:15,703 - JobAlertNotifier - INFO - [main:64] - Found 23 jobs from WeWorkRemotelyScraper
2024-12-17 19:06:15,703 - JobAlertNotifier - INFO - [main:70] - Found 23 total jobs across all sources
2024-12-17 19:06:15,703 - JobAlertNotifier - INFO - [filters:223] - Filtering 23 jobs
2024-12-17 19:06:15,704 - JobAlertNotifier - INFO - [filters:248] - Filtered 23 jobs down to 7 matches
2024-12-17 19:06:15,704 - JobAlertNotifier - INFO - [main:74] - Found 7 matching jobs for Romania
2024-12-17 19:06:15,704 - JobAlertNotifier - INFO - [main:80] - Removed 0 duplicate jobs
2024-12-17 19:06:16,928 - JobAlertNotifier - INFO - [email_notifier:335] - Successfully sent email notification for 7 jobs
2024-12-17 19:07:34,179 - JobAlertNotifier - INFO - [weworkremotely:210] - Scraping WWR category programming for keyword: Intern
2024-12-17 19:07:54,741 - JobAlertNotifier - ERROR - [weworkremotely:281] - Error processing job item: 'NoneType' object has no attribute 'text'
2024-12-17 19:07:54,741 - JobAlertNotifier - INFO - [weworkremotely:210] - Scraping WWR category programming for keyword: Internship
2024-12-17 19:07:55,219 - JobAlertNotifier - INFO - [weworkremotely:210] - Scraping WWR category programming for keyword: Student
2024-12-17 19:07:55,716 - JobAlertNotifier - INFO - [weworkremotely:210] - Scraping WWR category programming for keyword: Trainee
2024-12-17 19:07:56,199 - JobAlertNotifier - INFO - [weworkremotely:210] - Scraping WWR category programming for keyword: Stagiar
2024-12-17 19:07:56,692 - JobAlertNotifier - INFO - [weworkremotely:210] - Scraping WWR category programming for keyword: Practică
2024-12-17 19:07:57,765 - JobAlertNotifier - INFO - [weworkremotely:210] - Scraping WWR category programming for keyword: Program pentru absolvenți
2024-12-17 19:07:58,251 - JobAlertNotifier - INFO - [weworkremotely:210] - Scraping WWR category programming for keyword: Program pentru studenți
2024-12-17 19:07:58,947 - JobAlertNotifier - INFO - [weworkremotely:210] - Scraping WWR category programming for keyword: Pregătire profesională
2024-12-17 19:07:59,472 - JobAlertNotifier - INFO - [weworkremotely:210] - Scraping WWR category programming for keyword: Dezvoltator
2024-12-17 19:07:59,989 - JobAlertNotifier - INFO - [weworkremotely:210] - Scraping WWR category programming for keyword: Programator
2024-12-17 19:08:00,507 - JobAlertNotifier - INFO - [weworkremotely:210] - Scraping WWR category programming for keyword: Inginer software
2024-12-17 19:08:00,993 - JobAlertNotifier - INFO - [weworkremotely:210] - Scraping WWR category programming for keyword: Programare
2024-12-17 19:08:01,471 - JobAlertNotifier - INFO - [weworkremotely:210] - Scraping WWR category programming for keyword: Inginer
2024-12-17 19:08:01,968 - JobAlertNotifier - INFO - [weworkremotely:210] - Scraping WWR category programming for keyword: Dezvoltare
2024-12-17 19:08:02,462 - JobAlertNotifier - INFO - [weworkremotely:210] - Scraping WWR category programming for keyword: Tehnologie
2024-12-17 19:08:02,971 - JobAlertNotifier - INFO - [weworkremotely:210] - Scraping WWR category programming for keyword: Aplicație
2024-12-17 19:08:03,519 - JobAlertNotifier - INFO - [weworkremotely:210] - Scraping WWR category programming for keyword: Aplicații mobile
2024-12-17 19:08:04,094 - JobAlertNotifier - INFO - [weworkremotely:210] - Scraping WWR category copywriting for keyword: IT
2024-12-17 19:08:34,443 - JobAlertNotifier - INFO - [weworkremotely:210] - Scraping WWR category programming for keyword: Tehnician IT
2024-12-17 19:08:34,982 - JobAlertNotifier - INFO - [weworkremotely:210] - Scraping WWR category programming for keyword: Web
2024-12-17 19:08:35,548 - JobAlertNotifier - INFO - [weworkremotely:210] - Scraping WWR category programming for keyword: Frontend
2024-12-17 19:08:36,084 - JobAlertNotifier - INFO - [weworkremotely:210] - Scraping WWR category programming for keyword: Backend
2024-12-17 19:08:36,764 - JobAlertNotifier - INFO - [weworkremotely:210] - Scraping WWR category programming for keyword: Full Stack
2024-12-17 19:08:37,422 - JobAlertNotifier - INFO - [weworkremotely:210] - Scraping WWR category programming for keyword: Testare software
2024-12-17 19:08:37,918 - JobAlertNotifier - INFO - [weworkremotely:210] - Scraping WWR category programming for keyword: QA
2024-12-17 19:08:38,404 - JobAlertNotifier - INFO - [weworkremotely:210] - Scraping WWR category devops-sysadmin for keyword: DevOps
2024-12-17 19:08:41,403 - JobAlertNotifier - INFO - [weworkremotely:210] - Scraping WWR category programming for keyword: Administrare sisteme
2024-12-17 19:08:41,903 - JobAlertNotifier - INFO - [main:64] - Found 23 jobs from WeWorkRemotelyScraper
2024-12-17 19:08:41,903 - JobAlertNotifier - INFO - [main:70] - Found 23 total jobs across all sources
2024-12-17 19:08:41,904 - JobAlertNotifier - INFO - [filters:223] - Filtering 23 jobs
2024-12-17 19:08:41,905 - JobAlertNotifier - INFO - [filters:248] - Filtered 23 jobs down to 7 matches
2024-12-17 19:08:41,905 - JobAlertNotifier - INFO - [main:74] - Found 7 matching jobs for Romania
2024-12-17 19:08:41,905 - JobAlertNotifier - INFO - [main:80] - Removed 0 duplicate jobs
2024-12-17 19:08:44,271 - JobAlertNotifier - INFO - [email_notifier:335] - Successfully sent email notification for 7 jobs
2024-12-17 19:08:44,272 - JobAlertNotifier - WARNING - [telegram_notifier:191] - Skipping malformed job posting: Remote Salesperson for High-Ticket Coaching Programme - Missing salary
2024-12-17 19:08:44,272 - JobAlertNotifier - WARNING - [telegram_notifier:191] - Skipping malformed job posting: Business Development Representative (Startup) - Missing salary
2024-12-17 19:08:44,272 - JobAlertNotifier - WARNING - [telegram_notifier:191] - Skipping malformed job posting: Benefit Advisor - No Experience necessary! - Missing salary
2024-12-17 19:08:44,272 - JobAlertNotifier - WARNING - [telegram_notifier:191] - Skipping malformed job posting: Social Media Growth Manager - Missing salary
2024-12-17 19:08:44,272 - JobAlertNotifier - WARNING - [telegram_notifier:191] - Skipping malformed job posting: Head of Growth Marketing - Missing salary
2024-12-17 19:08:44,273 - JobAlertNotifier - WARNING - [telegram_notifier:191] - Skipping malformed job posting: Life Insurance Agent - Remote - Missing salary
2024-12-17 19:08:44,273 - JobAlertNotifier - WARNING - [telegram_notifier:191] - Skipping malformed job posting: Global Business Development Manager - Missing salary
2024-12-17 19:13:03,106 - JobAlertNotifier - INFO - [weworkremotely:210] - Scraping WWR category programming for keyword: Intern
2024-12-17 19:13:23,768 - JobAlertNotifier - ERROR - [weworkremotely:281] - Error processing job item: 'NoneType' object has no attribute 'text'
2024-12-17 19:13:23,768 - JobAlertNotifier - INFO - [weworkremotely:210] - Scraping WWR category programming for keyword: Internship
2024-12-17 19:13:24,394 - JobAlertNotifier - INFO - [weworkremotely:210] - Scraping WWR category programming for keyword: Student
2024-12-17 19:13:25,058 - JobAlertNotifier - INFO - [weworkremotely:210] - Scraping WWR category programming for keyword: Trainee
2024-12-17 19:13:25,537 - JobAlertNotifier - INFO - [weworkremotely:210] - Scraping WWR category programming for keyword: Stagiar
2024-12-17 19:13:26,139 - JobAlertNotifier - INFO - [weworkremotely:210] - Scraping WWR category programming for keyword: Practică
2024-12-17 19:13:26,624 - JobAlertNotifier - INFO - [weworkremotely:210] - Scraping WWR category programming for keyword: Program pentru absolvenți
2024-12-17 19:13:27,194 - JobAlertNotifier - INFO - [weworkremotely:210] - Scraping WWR category programming for keyword: Program pentru studenți
2024-12-17 19:13:27,682 - JobAlertNotifier - INFO - [weworkremotely:210] - Scraping WWR category programming for keyword: Pregătire profesională
2024-12-17 19:13:28,157 - JobAlertNotifier - INFO - [weworkremotely:210] - Scraping WWR category programming for keyword: Dezvoltator
2024-12-17 19:13:28,657 - JobAlertNotifier - INFO - [weworkremotely:210] - Scraping WWR category programming for keyword: Programator
2024-12-17 19:13:29,146 - JobAlertNotifier - INFO - [weworkremotely:210] - Scraping WWR category programming for keyword: Inginer software
2024-12-17 19:13:29,619 - JobAlertNotifier - INFO - [weworkremotely:210] - Scraping WWR category programming for keyword: Programare
2024-12-17 19:13:30,129 - JobAlertNotifier - INFO - [weworkremotely:210] - Scraping WWR category programming for keyword: Inginer
2024-12-17 19:13:30,600 - JobAlertNotifier - INFO - [weworkremotely:210] - Scraping WWR category programming for keyword: Dezvoltare
2024-12-17 19:13:31,073 - JobAlertNotifier - INFO - [weworkremotely:210] - Scraping WWR category programming for keyword: Tehnologie
2024-12-17 19:13:31,547 - JobAlertNotifier - INFO - [weworkremotely:210] - Scraping WWR category programming for keyword: Aplicație
2024-12-17 19:13:32,036 - JobAlertNotifier - INFO - [weworkremotely:210] - Scraping WWR category programming for keyword: Aplicații mobile
2024-12-17 19:13:32,543 - JobAlertNotifier - INFO - [weworkremotely:210] - Scraping WWR category copywriting for keyword: IT
2024-12-17 19:14:02,403 - JobAlertNotifier - INFO - [weworkremotely:210] - Scraping WWR category programming for keyword: Tehnician IT
2024-12-17 19:14:02,872 - JobAlertNotifier - INFO - [weworkremotely:210] - Scraping WWR category programming for keyword: Web
2024-12-17 19:14:03,340 - JobAlertNotifier - INFO - [weworkremotely:210] - Scraping WWR category programming for keyword: Frontend
2024-12-17 19:14:03,831 - JobAlertNotifier - INFO - [weworkremotely:210] - Scraping WWR category programming for keyword: Backend
2024-12-17 19:14:04,293 - JobAlertNotifier - INFO - [weworkremotely:210] - Scraping WWR category programming for keyword: Full Stack
2024-12-17 19:14:04,774 - JobAlertNotifier - INFO - [weworkremotely:210] - Scraping WWR category programming for keyword: Testare software
2024-12-17 19:14:05,287 - JobAlertNotifier - INFO - [weworkremotely:210] - Scraping WWR category programming for keyword: QA
2024-12-17 19:14:05,761 - JobAlertNotifier - INFO - [weworkremotely:210] - Scraping WWR category devops-sysadmin for keyword: DevOps
2024-12-17 19:14:08,730 - JobAlertNotifier - INFO - [weworkremotely:210] - Scraping WWR category programming for keyword: Administrare sisteme
2024-12-17 19:14:09,220 - JobAlertNotifier - INFO - [main:64] - Found 23 jobs from WeWorkRemotelyScraper
2024-12-17 19:14:09,220 - JobAlertNotifier - INFO - [main:70] - Found 23 total jobs across all sources
2024-12-17 19:14:09,220 - JobAlertNotifier - INFO - [filters:223] - Filtering 23 jobs
2024-12-17 19:14:09,221 - JobAlertNotifier - INFO - [filters:248] - Filtered 23 jobs down to 7 matches
2024-12-17 19:14:09,221 - JobAlertNotifier - INFO - [main:74] - Found 7 matching jobs for Romania
2024-12-17 19:14:09,221 - JobAlertNotifier - INFO - [main:80] - Removed 0 duplicate jobs
2024-12-17 19:14:10,271 - JobAlertNotifier - INFO - [email_notifier:335] - Successfully sent email notification for 7 jobs
2024-12-17 19:14:10,271 - JobAlertNotifier - ERROR - [main:87] - An error occurred: 'TelegramNotifier' object has no attribute 'CHUNK_SIZE'
2024-12-17 19:14:10,362 - JobAlertNotifier - WARNING - [email_notifier:168] - Error closing SMTP connection: Server not connected
2024-12-17 19:17:06,400 - JobAlertNotifier - INFO - [weworkremotely:210] - Scraping WWR category programming for keyword: Intern
2024-12-17 19:17:27,123 - JobAlertNotifier - ERROR - [weworkremotely:281] - Error processing job item: 'NoneType' object has no attribute 'text'
2024-12-17 19:17:27,124 - JobAlertNotifier - INFO - [weworkremotely:210] - Scraping WWR category programming for keyword: Internship
2024-12-17 19:17:27,604 - JobAlertNotifier - INFO - [weworkremotely:210] - Scraping WWR category programming for keyword: Student
2024-12-17 19:17:28,092 - JobAlertNotifier - INFO - [weworkremotely:210] - Scraping WWR category programming for keyword: Trainee
2024-12-17 19:17:28,583 - JobAlertNotifier - INFO - [weworkremotely:210] - Scraping WWR category programming for keyword: Stagiar
2024-12-17 19:17:29,063 - JobAlertNotifier - INFO - [weworkremotely:210] - Scraping WWR category programming for keyword: Practică
2024-12-17 19:17:29,541 - JobAlertNotifier - INFO - [weworkremotely:210] - Scraping WWR category programming for keyword: Program pentru absolvenți
2024-12-17 19:17:30,050 - JobAlertNotifier - INFO - [weworkremotely:210] - Scraping WWR category programming for keyword: Program pentru studenți
2024-12-17 19:17:30,539 - JobAlertNotifier - INFO - [weworkremotely:210] - Scraping WWR category programming for keyword: Pregătire profesională
2024-12-17 19:17:31,026 - JobAlertNotifier - INFO - [weworkremotely:210] - Scraping WWR category programming for keyword: Dezvoltator
2024-12-17 19:17:31,498 - JobAlertNotifier - INFO - [weworkremotely:210] - Scraping WWR category programming for keyword: Programator
2024-12-17 19:17:31,989 - JobAlertNotifier - INFO - [weworkremotely:210] - Scraping WWR category programming for keyword: Inginer software
2024-12-17 19:17:32,456 - JobAlertNotifier - INFO - [weworkremotely:210] - Scraping WWR category programming for keyword: Programare
2024-12-17 19:17:32,952 - JobAlertNotifier - INFO - [weworkremotely:210] - Scraping WWR category programming for keyword: Inginer
2024-12-17 19:17:33,421 - JobAlertNotifier - INFO - [weworkremotely:210] - Scraping WWR category programming for keyword: Dezvoltare
2024-12-17 19:17:33,895 - JobAlertNotifier - INFO - [weworkremotely:210] - Scraping WWR category programming for keyword: Tehnologie
2024-12-17 19:17:34,389 - JobAlertNotifier - INFO - [weworkremotely:210] - Scraping WWR category programming for keyword: Aplicație
2024-12-17 19:17:34,871 - JobAlertNotifier - INFO - [weworkremotely:210] - Scraping WWR category programming for keyword: Aplicații mobile
2024-12-17 19:17:35,430 - JobAlertNotifier - INFO - [weworkremotely:210] - Scraping WWR category copywriting for keyword: IT
2024-12-17 19:18:05,615 - JobAlertNotifier - INFO - [weworkremotely:210] - Scraping WWR category programming for keyword: Tehnician IT
2024-12-17 19:18:06,115 - JobAlertNotifier - INFO - [weworkremotely:210] - Scraping WWR category programming for keyword: Web
2024-12-17 19:18:06,617 - JobAlertNotifier - INFO - [weworkremotely:210] - Scraping WWR category programming for keyword: Frontend
2024-12-17 19:18:07,184 - JobAlertNotifier - INFO - [weworkremotely:210] - Scraping WWR category programming for keyword: Backend
2024-12-17 19:18:07,730 - JobAlertNotifier - INFO - [weworkremotely:210] - Scraping WWR category programming for keyword: Full Stack
2024-12-17 19:18:08,244 - JobAlertNotifier - INFO - [weworkremotely:210] - Scraping WWR category programming for keyword: Testare software
2024-12-17 19:18:08,727 - JobAlertNotifier - INFO - [weworkremotely:210] - Scraping WWR category programming for keyword: QA
2024-12-17 19:18:09,215 - JobAlertNotifier - INFO - [weworkremotely:210] - Scraping WWR category devops-sysadmin for keyword: DevOps
2024-12-17 19:18:12,233 - JobAlertNotifier - INFO - [weworkremotely:210] - Scraping WWR category programming for keyword: Administrare sisteme
2024-12-17 19:18:12,710 - JobAlertNotifier - INFO - [main:64] - Found 23 jobs from WeWorkRemotelyScraper
2024-12-17 19:18:12,711 - JobAlertNotifier - INFO - [main:70] - Found 23 total jobs across all sources
2024-12-17 19:18:12,711 - JobAlertNotifier - INFO - [filters:223] - Filtering 23 jobs
2024-12-17 19:18:12,711 - JobAlertNotifier - INFO - [filters:248] - Filtered 23 jobs down to 7 matches
2024-12-17 19:18:12,711 - JobAlertNotifier - INFO - [main:74] - Found 7 matching jobs for Romania
2024-12-17 19:18:12,712 - JobAlertNotifier - INFO - [main:80] - Removed 0 duplicate jobs
2024-12-17 19:18:13,897 - JobAlertNotifier - INFO - [email_notifier:335] - Successfully sent email notification for 7 jobs
2024-12-17 19:18:13,898 - JobAlertNotifier - INFO - [telegram_notifier:190] - Sending notification for 7 jobs in 2 chunks
2024-12-17 19:18:13,898 - JobAlertNotifier - ERROR - [main:87] - An error occurred: 'TelegramNotifier' object has no attribute '_format_jobs'
2024-12-17 19:18:13,990 - JobAlertNotifier - WARNING - [email_notifier:168] - Error closing SMTP connection: Server not connected
2024-12-17 19:20:09,591 - JobAlertNotifier - INFO - [weworkremotely:210] - Scraping WWR category programming for keyword: Intern
2024-12-17 19:20:30,690 - JobAlertNotifier - ERROR - [weworkremotely:281] - Error processing job item: 'NoneType' object has no attribute 'text'
2024-12-17 19:20:30,691 - JobAlertNotifier - INFO - [weworkremotely:210] - Scraping WWR category programming for keyword: Internship
2024-12-17 19:20:31,307 - JobAlertNotifier - INFO - [weworkremotely:210] - Scraping WWR category programming for keyword: Student
2024-12-17 19:20:31,920 - JobAlertNotifier - INFO - [weworkremotely:210] - Scraping WWR category programming for keyword: Trainee
2024-12-17 19:20:32,420 - JobAlertNotifier - INFO - [weworkremotely:210] - Scraping WWR category programming for keyword: Stagiar
2024-12-17 19:20:32,951 - JobAlertNotifier - INFO - [weworkremotely:210] - Scraping WWR category programming for keyword: Practică
2024-12-17 19:20:33,494 - JobAlertNotifier - INFO - [weworkremotely:210] - Scraping WWR category programming for keyword: Program pentru absolvenți
2024-12-17 19:20:34,019 - JobAlertNotifier - INFO - [weworkremotely:210] - Scraping WWR category programming for keyword: Program pentru studenți
2024-12-17 19:20:34,493 - JobAlertNotifier - INFO - [weworkremotely:210] - Scraping WWR category programming for keyword: Pregătire profesională
2024-12-17 19:20:34,958 - JobAlertNotifier - INFO - [weworkremotely:210] - Scraping WWR category programming for keyword: Dezvoltator
2024-12-17 19:20:35,423 - JobAlertNotifier - INFO - [weworkremotely:210] - Scraping WWR category programming for keyword: Programator
2024-12-17 19:20:35,911 - JobAlertNotifier - INFO - [weworkremotely:210] - Scraping WWR category programming for keyword: Inginer software
2024-12-17 19:20:36,438 - JobAlertNotifier - INFO - [weworkremotely:210] - Scraping WWR category programming for keyword: Programare
2024-12-17 19:20:36,911 - JobAlertNotifier - INFO - [weworkremotely:210] - Scraping WWR category programming for keyword: Inginer
2024-12-17 19:20:37,409 - JobAlertNotifier - INFO - [weworkremotely:210] - Scraping WWR category programming for keyword: Dezvoltare
2024-12-17 19:20:37,969 - JobAlertNotifier - INFO - [weworkremotely:210] - Scraping WWR category programming for keyword: Tehnologie
2024-12-17 19:20:38,444 - JobAlertNotifier - INFO - [weworkremotely:210] - Scraping WWR category programming for keyword: Aplicație
2024-12-17 19:20:38,905 - JobAlertNotifier - INFO - [weworkremotely:210] - Scraping WWR category programming for keyword: Aplicații mobile
2024-12-17 19:20:39,380 - JobAlertNotifier - INFO - [weworkremotely:210] - Scraping WWR category copywriting for keyword: IT
2024-12-17 19:21:11,070 - JobAlertNotifier - INFO - [weworkremotely:210] - Scraping WWR category programming for keyword: Tehnician IT
2024-12-17 19:21:11,786 - JobAlertNotifier - INFO - [weworkremotely:210] - Scraping WWR category programming for keyword: Web
2024-12-17 19:21:12,486 - JobAlertNotifier - INFO - [weworkremotely:210] - Scraping WWR category programming for keyword: Frontend
2024-12-17 19:21:13,145 - JobAlertNotifier - INFO - [weworkremotely:210] - Scraping WWR category programming for keyword: Backend
2024-12-17 19:21:13,777 - JobAlertNotifier - INFO - [weworkremotely:210] - Scraping WWR category programming for keyword: Full Stack
2024-12-17 19:21:14,424 - JobAlertNotifier - INFO - [weworkremotely:210] - Scraping WWR category programming for keyword: Testare software
2024-12-17 19:21:15,080 - JobAlertNotifier - INFO - [weworkremotely:210] - Scraping WWR category programming for keyword: QA
2024-12-17 19:21:15,755 - JobAlertNotifier - INFO - [weworkremotely:210] - Scraping WWR category devops-sysadmin for keyword: DevOps
2024-12-17 19:21:18,865 - JobAlertNotifier - INFO - [weworkremotely:210] - Scraping WWR category programming for keyword: Administrare sisteme
2024-12-17 19:21:19,520 - JobAlertNotifier - INFO - [main:64] - Found 23 jobs from WeWorkRemotelyScraper
2024-12-17 19:21:19,521 - JobAlertNotifier - INFO - [main:70] - Found 23 total jobs across all sources
2024-12-17 19:21:19,521 - JobAlertNotifier - INFO - [filters:223] - Filtering 23 jobs
2024-12-17 19:21:19,522 - JobAlertNotifier - INFO - [filters:248] - Filtered 23 jobs down to 7 matches
2024-12-17 19:21:19,522 - JobAlertNotifier - INFO - [main:74] - Found 7 matching jobs for Romania
2024-12-17 19:21:19,522 - JobAlertNotifier - INFO - [main:80] - Removed 0 duplicate jobs
2024-12-17 19:21:20,589 - JobAlertNotifier - INFO - [email_notifier:335] - Successfully sent email notification for 7 jobs
2024-12-17 19:21:20,590 - JobAlertNotifier - INFO - [telegram_notifier:190] - Sending notification for 7 jobs in 2 chunks
2024-12-17 19:21:20,944 - JobAlertNotifier - INFO - [telegram_notifier:208] - Successfully sent Telegram notification in 2 parts
